Jul 23, 2014 11:25:35 AM org.apache.catalina.core.AprLifecycleListener init
INFO: The APR based Apache Tomcat Native library which allows optimal performance in production environments was not found on the java.library.path: /usr/java/packages/lib/amd64:/usr/lib64:/lib64:/lib:/usr/lib
Jul 23, 2014 11:25:36 AM org.apache.coyote.AbstractProtocol init
INFO: Initializing ProtocolHandler ["http-bio-8080"]
Jul 23, 2014 11:25:36 AM org.apache.coyote.AbstractProtocol init
INFO: Initializing ProtocolHandler ["ajp-bio-8009"]
Jul 23, 2014 11:25:36 AM org.apache.catalina.startup.Catalina load
INFO: Initialization processed in 1363 ms
Jul 23, 2014 11:25:36 AM org.apache.catalina.core.StandardService startInternal
INFO: Starting service Catalina
Jul 23, 2014 11:25:36 AM org.apache.catalina.core.StandardEngine startInternal
INFO: Starting Servlet Engine: Apache Tomcat/7.0.54
Jul 23, 2014 11:25:36 AM org.apache.catalina.startup.HostConfig deployDescriptor
INFO: Deploying configuration descriptor /usr/local/fibro/apache-tomcat-7.0.54/conf/Catalina/localhost/solr.xml
Jul 23, 2014 11:25:36 AM org.apache.catalina.startup.HostConfig deployDescriptor
WARNING: A docBase /usr/local/fibro/apache-tomcat-7.0.54/webapps/solr.war inside the host appBase has been specified, and will be ignored
Jul 23, 2014 11:25:36 AM org.apache.catalina.startup.SetContextPropertiesRule begin
WARNING: [SetContextPropertiesRule]{Context} Setting property 'debug' to '0' did not find a matching property.
Jul 23, 2014 11:25:47 AM org.apache.catalina.startup.HostConfig deployDescriptor
INFO: Deployment of configuration descriptor /usr/local/fibro/apache-tomcat-7.0.54/conf/Catalina/localhost/solr.xml has finished in 10,681 ms
Jul 23, 2014 11:25:47 AM org.apache.catalina.startup.HostConfig deployDirectory
INFO: Deploying web application directory /usr/local/fibro/apache-tomcat-7.0.54/webapps/ROOT
Jul 23, 2014 11:25:47 AM org.apache.catalina.startup.HostConfig deployDirectory
INFO: Deployment of web application directory /usr/local/fibro/apache-tomcat-7.0.54/webapps/ROOT has finished in 104 ms
Jul 23, 2014 11:25:47 AM org.apache.catalina.startup.HostConfig deployDirectory
INFO: Deploying web application directory /usr/local/fibro/apache-tomcat-7.0.54/webapps/docs
Jul 23, 2014 11:25:47 AM org.apache.catalina.startup.HostConfig deployDirectory
INFO: Deployment of web application directory /usr/local/fibro/apache-tomcat-7.0.54/webapps/docs has finished in 80 ms
Jul 23, 2014 11:25:47 AM org.apache.catalina.startup.HostConfig deployDirectory
INFO: Deploying web application directory /usr/local/fibro/apache-tomcat-7.0.54/webapps/host-manager
Jul 23, 2014 11:25:47 AM org.apache.catalina.startup.HostConfig deployDirectory
INFO: Deployment of web application directory /usr/local/fibro/apache-tomcat-7.0.54/webapps/host-manager has finished in 99 ms
Jul 23, 2014 11:25:47 AM org.apache.catalina.startup.HostConfig deployDirectory
INFO: Deploying web application directory /usr/local/fibro/apache-tomcat-7.0.54/webapps/manager
Jul 23, 2014 11:25:47 AM org.apache.catalina.startup.HostConfig deployDirectory
INFO: Deployment of web application directory /usr/local/fibro/apache-tomcat-7.0.54/webapps/manager has finished in 155 ms
Jul 23, 2014 11:25:47 AM org.apache.catalina.startup.HostConfig deployDirectory
INFO: Deploying web application directory /usr/local/fibro/apache-tomcat-7.0.54/webapps/examples
Jul 23, 2014 11:25:48 AM org.apache.catalina.startup.HostConfig deployDirectory
INFO: Deployment of web application directory /usr/local/fibro/apache-tomcat-7.0.54/webapps/examples has finished in 598 ms
Jul 23, 2014 11:25:48 AM org.apache.coyote.AbstractProtocol start
INFO: Starting ProtocolHandler ["http-bio-8080"]
Jul 23, 2014 11:25:48 AM org.apache.coyote.AbstractProtocol start
INFO: Starting ProtocolHandler ["ajp-bio-8009"]
Jul 23, 2014 11:25:48 AM org.apache.catalina.startup.Catalina start
INFO: Server startup in 11879 ms
Jul 23, 2014 11:51:49 AM org.apache.catalina.startup.HostConfig deployWAR
INFO: Deploying web application archive /usr/local/fibro/apache-tomcat-7.0.54/webapps/ajax.war
Jul 23, 2014 11:51:49 AM org.apache.catalina.startup.HostConfig deployWAR
INFO: Deployment of web application archive /usr/local/fibro/apache-tomcat-7.0.54/webapps/ajax.war has finished in 144 ms
Jul 23, 2014 11:53:00 AM org.apache.catalina.startup.HostConfig undeploy
INFO: Undeploying context [/ajax]
Jul 23, 2014 11:53:58 AM org.apache.catalina.startup.HostConfig deployWAR
INFO: Deploying web application archive /usr/local/fibro/apache-tomcat-7.0.54/webapps/ajax.war
Jul 23, 2014 11:53:58 AM org.apache.catalina.startup.HostConfig deployWAR
INFO: Deployment of web application archive /usr/local/fibro/apache-tomcat-7.0.54/webapps/ajax.war has finished in 160 ms
Jul 23, 2014 2:07:28 PM org.apache.coyote.http11.AbstractHttp11Processor process
INFO: Error parsing HTTP request header
 Note: further occurrences of HTTP header parsing errors will be logged at DEBUG level.
Jul 23, 2014 7:38:30 PM org.apache.catalina.core.StandardContext reload
INFO: Reloading Context with name [/ajax] has started
Jul 23, 2014 7:38:31 PM org.apache.catalina.core.StandardContext reload
INFO: Reloading Context with name [/ajax] is completed
Jul 23, 2014 7:38:37 PM org.apache.catalina.core.StandardContext reload
INFO: Reloading Context with name [/solr] has started
Jul 23, 2014 7:38:37 PM org.apache.catalina.loader.WebappClassLoader checkThreadLocalMapForLeaks
SEVERE: The web application [/solr] created a ThreadLocal with key of type [org.apache.solr.schema.DateField.ThreadLocalDateFormat] (value [org.apache.solr.schema.DateField$ThreadLocalDateFormat@27fd76f7]) and a value of type [org.apache.solr.schema.DateField.ISO8601CanonicalDateFormat] (value [org.apache.solr.schema.DateField$ISO8601CanonicalDateFormat@6b2ed43a]) but failed to remove it when the web application was stopped. Threads are going to be renewed over time to try and avoid a probable memory leak.
Jul 23, 2014 7:38:37 PM org.apache.catalina.loader.WebappClassLoader checkThreadLocalMapForLeaks
SEVERE: The web application [/solr] created a ThreadLocal with key of type [org.apache.solr.schema.DateField.ThreadLocalDateFormat] (value [org.apache.solr.schema.DateField$ThreadLocalDateFormat@27fd76f7]) and a value of type [org.apache.solr.schema.DateField.ISO8601CanonicalDateFormat] (value [org.apache.solr.schema.DateField$ISO8601CanonicalDateFormat@6b2ed43a]) but failed to remove it when the web application was stopped. Threads are going to be renewed over time to try and avoid a probable memory leak.
Jul 23, 2014 7:38:37 PM org.apache.catalina.loader.WebappClassLoader checkThreadLocalMapForLeaks
SEVERE: The web application [/solr] created a ThreadLocal with key of type [org.apache.solr.schema.DateField.ThreadLocalDateFormat] (value [org.apache.solr.schema.DateField$ThreadLocalDateFormat@27fd76f7]) and a value of type [org.apache.solr.schema.DateField.ISO8601CanonicalDateFormat] (value [org.apache.solr.schema.DateField$ISO8601CanonicalDateFormat@6b2ed43a]) but failed to remove it when the web application was stopped. Threads are going to be renewed over time to try and avoid a probable memory leak.
Jul 23, 2014 7:38:44 PM org.apache.catalina.core.StandardContext reload
INFO: Reloading Context with name [/solr] is completed
Jul 23, 2014 7:58:47 PM org.apache.catalina.startup.HostConfig deployDirectory
INFO: Deploying web application directory /usr/local/fibro/apache-tomcat-7.0.54/webapps/ajax-solr
Jul 23, 2014 7:58:47 PM org.apache.catalina.startup.HostConfig deployDirectory
INFO: Deployment of web application directory /usr/local/fibro/apache-tomcat-7.0.54/webapps/ajax-solr has finished in 89 ms
Jul 23, 2014 8:32:53 PM org.apache.catalina.core.StandardServer await
INFO: A valid shutdown command was received via the shutdown port. Stopping the Server instance.
Jul 23, 2014 8:32:53 PM org.apache.coyote.AbstractProtocol pause
INFO: Pausing ProtocolHandler ["http-bio-8080"]
Jul 23, 2014 8:32:53 PM org.apache.coyote.AbstractProtocol pause
INFO: Pausing ProtocolHandler ["ajp-bio-8009"]
Jul 23, 2014 8:32:53 PM org.apache.catalina.core.StandardService stopInternal
INFO: Stopping service Catalina
Jul 23, 2014 8:32:53 PM org.apache.catalina.loader.WebappClassLoader checkThreadLocalMapForLeaks
SEVERE: The web application [/solr] created a ThreadLocal with key of type [org.apache.solr.schema.DateField.ThreadLocalDateFormat] (value [org.apache.solr.schema.DateField$ThreadLocalDateFormat@7a49474a]) and a value of type [org.apache.solr.schema.DateField.ISO8601CanonicalDateFormat] (value [org.apache.solr.schema.DateField$ISO8601CanonicalDateFormat@6b2ed43a]) but failed to remove it when the web application was stopped. Threads are going to be renewed over time to try and avoid a probable memory leak.
Jul 23, 2014 8:32:53 PM org.apache.catalina.loader.WebappClassLoader checkThreadLocalMapForLeaks
SEVERE: The web application [/solr] created a ThreadLocal with key of type [org.apache.solr.schema.DateField.ThreadLocalDateFormat] (value [org.apache.solr.schema.DateField$ThreadLocalDateFormat@7a49474a]) and a value of type [org.apache.solr.schema.DateField.ISO8601CanonicalDateFormat] (value [org.apache.solr.schema.DateField$ISO8601CanonicalDateFormat@6b2ed43a]) but failed to remove it when the web application was stopped. Threads are going to be renewed over time to try and avoid a probable memory leak.
Jul 23, 2014 8:32:53 PM org.apache.catalina.loader.WebappClassLoader checkThreadLocalMapForLeaks
SEVERE: The web application [/solr] created a ThreadLocal with key of type [org.apache.solr.schema.DateField.ThreadLocalDateFormat] (value [org.apache.solr.schema.DateField$ThreadLocalDateFormat@7a49474a]) and a value of type [org.apache.solr.schema.DateField.ISO8601CanonicalDateFormat] (value [org.apache.solr.schema.DateField$ISO8601CanonicalDateFormat@6b2ed43a]) but failed to remove it when the web application was stopped. Threads are going to be renewed over time to try and avoid a probable memory leak.
Jul 23, 2014 8:32:53 PM org.apache.catalina.loader.WebappClassLoader checkThreadLocalMapForLeaks
SEVERE: The web application [/solr] created a ThreadLocal with key of type [org.apache.solr.schema.DateField.ThreadLocalDateFormat] (value [org.apache.solr.schema.DateField$ThreadLocalDateFormat@7a49474a]) and a value of type [org.apache.solr.schema.DateField.ISO8601CanonicalDateFormat] (value [org.apache.solr.schema.DateField$ISO8601CanonicalDateFormat@6b2ed43a]) but failed to remove it when the web application was stopped. Threads are going to be renewed over time to try and avoid a probable memory leak.
Jul 23, 2014 8:32:53 PM org.apache.coyote.AbstractProtocol stop
INFO: Stopping ProtocolHandler ["http-bio-8080"]
Jul 23, 2014 8:32:53 PM org.apache.coyote.AbstractProtocol stop
INFO: Stopping ProtocolHandler ["ajp-bio-8009"]
Jul 23, 2014 8:32:53 PM org.apache.coyote.AbstractProtocol destroy
INFO: Destroying ProtocolHandler ["http-bio-8080"]
Jul 23, 2014 8:32:53 PM org.apache.coyote.AbstractProtocol destroy
INFO: Destroying ProtocolHandler ["ajp-bio-8009"]
Jul 23, 2014 8:33:01 PM org.apache.catalina.core.AprLifecycleListener init
INFO: The APR based Apache Tomcat Native library which allows optimal performance in production environments was not found on the java.library.path: /usr/java/packages/lib/amd64:/usr/lib64:/lib64:/lib:/usr/lib
Jul 23, 2014 8:33:02 PM org.apache.coyote.AbstractProtocol init
INFO: Initializing ProtocolHandler ["http-bio-8080"]
Jul 23, 2014 8:33:02 PM org.apache.coyote.AbstractProtocol init
INFO: Initializing ProtocolHandler ["ajp-bio-8009"]
Jul 23, 2014 8:33:02 PM org.apache.catalina.startup.Catalina load
INFO: Initialization processed in 1200 ms
Jul 23, 2014 8:33:02 PM org.apache.catalina.core.StandardService startInternal
INFO: Starting service Catalina
Jul 23, 2014 8:33:02 PM org.apache.catalina.core.StandardEngine startInternal
INFO: Starting Servlet Engine: Apache Tomcat/7.0.54
Jul 23, 2014 8:33:02 PM org.apache.catalina.startup.HostConfig deployDescriptor
INFO: Deploying configuration descriptor /usr/local/fibro/apache-tomcat-7.0.54/conf/Catalina/localhost/solr.xml
Jul 23, 2014 8:33:02 PM org.apache.catalina.startup.HostConfig deployDescriptor
WARNING: A docBase /usr/local/fibro/apache-tomcat-7.0.54/webapps/solr.war inside the host appBase has been specified, and will be ignored
Jul 23, 2014 8:33:02 PM org.apache.catalina.startup.SetContextPropertiesRule begin
WARNING: [SetContextPropertiesRule]{Context} Setting property 'debug' to '0' did not find a matching property.
Jul 23, 2014 8:33:13 PM org.apache.catalina.startup.HostConfig deployDescriptor
INFO: Deployment of configuration descriptor /usr/local/fibro/apache-tomcat-7.0.54/conf/Catalina/localhost/solr.xml has finished in 11,110 ms
Jul 23, 2014 8:33:13 PM org.apache.catalina.startup.HostConfig deployWAR
INFO: Deploying web application archive /usr/local/fibro/apache-tomcat-7.0.54/webapps/ajax.war
Jul 23, 2014 8:33:13 PM org.apache.catalina.startup.HostConfig deployWAR
INFO: Deployment of web application archive /usr/local/fibro/apache-tomcat-7.0.54/webapps/ajax.war has finished in 116 ms
Jul 23, 2014 8:33:13 PM org.apache.catalina.startup.HostConfig deployDirectory
INFO: Deploying web application directory /usr/local/fibro/apache-tomcat-7.0.54/webapps/ROOT
Jul 23, 2014 8:33:13 PM org.apache.catalina.startup.HostConfig deployDirectory
INFO: Deployment of web application directory /usr/local/fibro/apache-tomcat-7.0.54/webapps/ROOT has finished in 66 ms
Jul 23, 2014 8:33:13 PM org.apache.catalina.startup.HostConfig deployDirectory
INFO: Deploying web application directory /usr/local/fibro/apache-tomcat-7.0.54/webapps/docs
Jul 23, 2014 8:33:13 PM org.apache.catalina.startup.HostConfig deployDirectory
INFO: Deployment of web application directory /usr/local/fibro/apache-tomcat-7.0.54/webapps/docs has finished in 68 ms
Jul 23, 2014 8:33:13 PM org.apache.catalina.startup.HostConfig deployDirectory
INFO: Deploying web application directory /usr/local/fibro/apache-tomcat-7.0.54/webapps/host-manager
Jul 23, 2014 8:33:13 PM org.apache.catalina.startup.HostConfig deployDirectory
INFO: Deployment of web application directory /usr/local/fibro/apache-tomcat-7.0.54/webapps/host-manager has finished in 86 ms
Jul 23, 2014 8:33:13 PM org.apache.catalina.startup.HostConfig deployDirectory
INFO: Deploying web application directory /usr/local/fibro/apache-tomcat-7.0.54/webapps/ajax-solr
Jul 23, 2014 8:33:13 PM org.apache.catalina.startup.HostConfig deployDirectory
INFO: Deployment of web application directory /usr/local/fibro/apache-tomcat-7.0.54/webapps/ajax-solr has finished in 133 ms
Jul 23, 2014 8:33:13 PM org.apache.catalina.startup.HostConfig deployDirectory
INFO: Deploying web application directory /usr/local/fibro/apache-tomcat-7.0.54/webapps/manager
Jul 23, 2014 8:33:13 PM org.apache.catalina.startup.HostConfig deployDirectory
INFO: Deployment of web application directory /usr/local/fibro/apache-tomcat-7.0.54/webapps/manager has finished in 163 ms
Jul 23, 2014 8:33:13 PM org.apache.catalina.startup.HostConfig deployDirectory
INFO: Deploying web application directory /usr/local/fibro/apache-tomcat-7.0.54/webapps/examples
Jul 23, 2014 8:33:14 PM org.apache.catalina.startup.HostConfig deployDirectory
INFO: Deployment of web application directory /usr/local/fibro/apache-tomcat-7.0.54/webapps/examples has finished in 459 ms
Jul 23, 2014 8:33:14 PM org.apache.coyote.AbstractProtocol start
INFO: Starting ProtocolHandler ["http-bio-8080"]
Jul 23, 2014 8:33:14 PM org.apache.coyote.AbstractProtocol start
INFO: Starting ProtocolHandler ["ajp-bio-8009"]
Jul 23, 2014 8:33:14 PM org.apache.catalina.startup.Catalina start
INFO: Server startup in 12372 ms
Jul 23, 2014 8:37:04 PM org.apache.catalina.realm.LockOutRealm authenticate
WARNING: An attempt was made to authenticate the locked user "admin"
Jul 23, 2014 8:37:04 PM org.apache.catalina.realm.LockOutRealm authenticate
WARNING: An attempt was made to authenticate the locked user "admin"
Jul 23, 2014 8:37:04 PM org.apache.catalina.realm.LockOutRealm authenticate
WARNING: An attempt was made to authenticate the locked user "admin"
Jul 23, 2014 8:37:04 PM org.apache.catalina.realm.LockOutRealm authenticate
WARNING: An attempt was made to authenticate the locked user "admin"
Jul 23, 2014 8:37:04 PM org.apache.catalina.realm.LockOutRealm authenticate
WARNING: An attempt was made to authenticate the locked user "admin"
Jul 23, 2014 8:37:04 PM org.apache.catalina.realm.LockOutRealm authenticate
WARNING: An attempt was made to authenticate the locked user "admin"
Jul 23, 2014 8:37:04 PM org.apache.catalina.realm.LockOutRealm authenticate
WARNING: An attempt was made to authenticate the locked user "admin"
Jul 23, 2014 8:37:04 PM org.apache.catalina.realm.LockOutRealm authenticate
WARNING: An attempt was made to authenticate the locked user "admin"
Jul 23, 2014 8:37:05 PM org.apache.catalina.realm.LockOutRealm authenticate
WARNING: An attempt was made to authenticate the locked user "admin"
Jul 23, 2014 8:37:05 PM org.apache.catalina.realm.LockOutRealm authenticate
WARNING: An attempt was made to authenticate the locked user "admin"
Jul 23, 2014 8:37:05 PM org.apache.catalina.realm.LockOutRealm authenticate
WARNING: An attempt was made to authenticate the locked user "admin"
Jul 23, 2014 8:37:06 PM org.apache.catalina.realm.LockOutRealm authenticate
WARNING: An attempt was made to authenticate the locked user "root"
Jul 23, 2014 8:37:06 PM org.apache.catalina.realm.LockOutRealm authenticate
WARNING: An attempt was made to authenticate the locked user "root"
Jul 23, 2014 8:37:06 PM org.apache.catalina.realm.LockOutRealm authenticate
WARNING: An attempt was made to authenticate the locked user "root"
Jul 23, 2014 8:37:06 PM org.apache.catalina.realm.LockOutRealm authenticate
WARNING: An attempt was made to authenticate the locked user "root"
Jul 23, 2014 8:37:06 PM org.apache.catalina.realm.LockOutRealm authenticate
WARNING: An attempt was made to authenticate the locked user "root"
Jul 23, 2014 8:37:06 PM org.apache.catalina.realm.LockOutRealm authenticate
WARNING: An attempt was made to authenticate the locked user "root"
Jul 23, 2014 8:37:06 PM org.apache.catalina.realm.LockOutRealm authenticate
WARNING: An attempt was made to authenticate the locked user "root"
Jul 23, 2014 8:37:06 PM org.apache.catalina.realm.LockOutRealm authenticate
WARNING: An attempt was made to authenticate the locked user "root"
Jul 23, 2014 8:37:06 PM org.apache.catalina.realm.LockOutRealm authenticate
WARNING: An attempt was made to authenticate the locked user "root"
Jul 23, 2014 8:37:06 PM org.apache.catalina.realm.LockOutRealm authenticate
WARNING: An attempt was made to authenticate the locked user "root"
Jul 23, 2014 8:37:06 PM org.apache.catalina.realm.LockOutRealm authenticate
WARNING: An attempt was made to authenticate the locked user "root"
Jul 23, 2014 8:37:06 PM org.apache.catalina.realm.LockOutRealm authenticate
WARNING: An attempt was made to authenticate the locked user "root"
Jul 23, 2014 8:37:06 PM org.apache.catalina.realm.LockOutRealm authenticate
WARNING: An attempt was made to authenticate the locked user "root"
Jul 23, 2014 8:37:06 PM org.apache.catalina.realm.LockOutRealm authenticate
WARNING: An attempt was made to authenticate the locked user "root"
Jul 23, 2014 8:37:06 PM org.apache.catalina.realm.LockOutRealm authenticate
WARNING: An attempt was made to authenticate the locked user "root"
Jul 23, 2014 8:37:06 PM org.apache.catalina.realm.LockOutRealm authenticate
WARNING: An attempt was made to authenticate the locked user "root"
Jul 23, 2014 8:37:06 PM org.apache.catalina.realm.LockOutRealm authenticate
WARNING: An attempt was made to authenticate the locked user "root"
Jul 23, 2014 8:37:07 PM org.apache.catalina.realm.LockOutRealm authenticate
WARNING: An attempt was made to authenticate the locked user "root"
Jul 23, 2014 8:37:07 PM org.apache.catalina.realm.LockOutRealm authenticate
WARNING: An attempt was made to authenticate the locked user "root"
Jul 23, 2014 8:37:07 PM org.apache.catalina.realm.LockOutRealm authenticate
WARNING: An attempt was made to authenticate the locked user "admin"
Jul 23, 2014 8:37:07 PM org.apache.catalina.realm.LockOutRealm authenticate
WARNING: An attempt was made to authenticate the locked user "admin"
Jul 23, 2014 8:37:08 PM org.apache.catalina.realm.LockOutRealm authenticate
WARNING: An attempt was made to authenticate the locked user "tomcat"
Jul 23, 2014 8:37:08 PM org.apache.catalina.realm.LockOutRealm authenticate
WARNING: An attempt was made to authenticate the locked user "tomcat"
Jul 23, 2014 8:37:08 PM org.apache.catalina.realm.LockOutRealm authenticate
WARNING: An attempt was made to authenticate the locked user "tomcat"
Jul 23, 2014 8:37:08 PM org.apache.catalina.realm.LockOutRealm authenticate
WARNING: An attempt was made to authenticate the locked user "tomcat"
Jul 23, 2014 8:37:08 PM org.apache.catalina.realm.LockOutRealm authenticate
WARNING: An attempt was made to authenticate the locked user "tomcat"
Jul 23, 2014 8:37:08 PM org.apache.catalina.realm.LockOutRealm authenticate
WARNING: An attempt was made to authenticate the locked user "tomcat"
Jul 23, 2014 8:37:08 PM org.apache.catalina.realm.LockOutRealm authenticate
WARNING: An attempt was made to authenticate the locked user "tomcat"
Jul 23, 2014 8:37:08 PM org.apache.catalina.realm.LockOutRealm authenticate
WARNING: An attempt was made to authenticate the locked user "tomcat"
Jul 23, 2014 8:37:08 PM org.apache.catalina.realm.LockOutRealm authenticate
WARNING: An attempt was made to authenticate the locked user "tomcat"
Jul 23, 2014 8:37:10 PM org.apache.catalina.realm.LockOutRealm authenticate
WARNING: An attempt was made to authenticate the locked user "manager"
Jul 23, 2014 8:37:10 PM org.apache.catalina.realm.LockOutRealm authenticate
WARNING: An attempt was made to authenticate the locked user "manager"
Jul 23, 2014 8:37:10 PM org.apache.catalina.realm.LockOutRealm authenticate
WARNING: An attempt was made to authenticate the locked user "manager"
Jul 23, 2014 8:37:10 PM org.apache.catalina.realm.LockOutRealm authenticate
WARNING: An attempt was made to authenticate the locked user "manager"
Jul 23, 2014 8:37:10 PM org.apache.catalina.realm.LockOutRealm authenticate
WARNING: An attempt was made to authenticate the locked user "manager"
Jul 23, 2014 8:37:10 PM org.apache.catalina.realm.LockOutRealm authenticate
WARNING: An attempt was made to authenticate the locked user "tomcat"
Jul 23, 2014 8:37:10 PM org.apache.catalina.realm.LockOutRealm authenticate
WARNING: An attempt was made to authenticate the locked user "tomcat"
Jul 23, 2014 8:37:10 PM org.apache.catalina.realm.LockOutRealm authenticate
WARNING: An attempt was made to authenticate the locked user "manager"
Jul 23, 2014 8:37:10 PM org.apache.catalina.realm.LockOutRealm authenticate
WARNING: An attempt was made to authenticate the locked user "manager"
Jul 23, 2014 8:37:10 PM org.apache.catalina.realm.LockOutRealm authenticate
WARNING: An attempt was made to authenticate the locked user "manager"
Jul 23, 2014 8:37:10 PM org.apache.catalina.realm.LockOutRealm authenticate
WARNING: An attempt was made to authenticate the locked user "manager"
Jul 23, 2014 8:37:10 PM org.apache.catalina.realm.LockOutRealm authenticate
WARNING: An attempt was made to authenticate the locked user "manager"
Jul 23, 2014 8:37:11 PM org.apache.catalina.realm.LockOutRealm authenticate
WARNING: An attempt was made to authenticate the locked user "manager"
Jul 23, 2014 8:37:11 PM org.apache.catalina.realm.LockOutRealm authenticate
WARNING: An attempt was made to authenticate the locked user "tomcat"
Jul 23, 2014 8:37:11 PM org.apache.catalina.realm.LockOutRealm authenticate
WARNING: An attempt was made to authenticate the locked user "tomcat"
Jul 23, 2014 8:37:11 PM org.apache.catalina.realm.LockOutRealm authenticate
WARNING: An attempt was made to authenticate the locked user "tomcat"
Jul 23, 2014 8:37:12 PM org.apache.catalina.realm.LockOutRealm authenticate
WARNING: An attempt was made to authenticate the locked user "system"
Jul 23, 2014 8:37:12 PM org.apache.catalina.realm.LockOutRealm authenticate
WARNING: An attempt was made to authenticate the locked user "system"
Jul 23, 2014 8:37:12 PM org.apache.catalina.realm.LockOutRealm authenticate
WARNING: An attempt was made to authenticate the locked user "system"
Jul 23, 2014 8:37:12 PM org.apache.catalina.realm.LockOutRealm authenticate
WARNING: An attempt was made to authenticate the locked user "system"
Jul 23, 2014 8:37:12 PM org.apache.catalina.realm.LockOutRealm authenticate
WARNING: An attempt was made to authenticate the locked user "system"
Jul 23, 2014 8:37:12 PM org.apache.catalina.realm.LockOutRealm authenticate
WARNING: An attempt was made to authenticate the locked user "system"
Jul 23, 2014 8:37:12 PM org.apache.catalina.realm.LockOutRealm authenticate
WARNING: An attempt was made to authenticate the locked user "system"
Jul 23, 2014 8:37:12 PM org.apache.catalina.realm.LockOutRealm authenticate
WARNING: An attempt was made to authenticate the locked user "manager"
Jul 23, 2014 8:37:12 PM org.apache.catalina.realm.LockOutRealm authenticate
WARNING: An attempt was made to authenticate the locked user "system"
Jul 23, 2014 8:37:13 PM org.apache.catalina.realm.LockOutRealm authenticate
WARNING: An attempt was made to authenticate the locked user "system"
Jul 23, 2014 8:37:13 PM org.apache.catalina.realm.LockOutRealm authenticate
WARNING: An attempt was made to authenticate the locked user "system"
Jul 23, 2014 8:37:13 PM org.apache.catalina.realm.LockOutRealm authenticate
WARNING: An attempt was made to authenticate the locked user "system"
Jul 23, 2014 8:37:13 PM org.apache.catalina.realm.LockOutRealm authenticate
WARNING: An attempt was made to authenticate the locked user "manager"
Jul 23, 2014 8:37:13 PM org.apache.catalina.realm.LockOutRealm authenticate
WARNING: An attempt was made to authenticate the locked user "manager"
Jul 23, 2014 8:37:13 PM org.apache.catalina.realm.LockOutRealm authenticate
WARNING: An attempt was made to authenticate the locked user "system"
Jul 23, 2014 8:37:13 PM org.apache.catalina.realm.LockOutRealm authenticate
WARNING: An attempt was made to authenticate the locked user "system"
Jul 23, 2014 8:37:13 PM org.apache.catalina.realm.LockOutRealm authenticate
WARNING: An attempt was made to authenticate the locked user "system"
Jul 23, 2014 8:37:13 PM org.apache.catalina.realm.LockOutRealm authenticate
WARNING: An attempt was made to authenticate the locked user "system"
Jul 23, 2014 8:37:13 PM org.apache.catalina.realm.LockOutRealm authenticate
WARNING: An attempt was made to authenticate the locked user "system"
Jul 23, 2014 8:37:13 PM org.apache.catalina.realm.LockOutRealm authenticate
WARNING: An attempt was made to authenticate the locked user "manager"
Jul 23, 2014 8:37:15 PM org.apache.catalina.realm.LockOutRealm authenticate
WARNING: An attempt was made to authenticate the locked user "system"
Jul 23, 2014 8:37:15 PM org.apache.catalina.realm.LockOutRealm authenticate
WARNING: An attempt was made to authenticate the locked user "system"
Jul 23, 2014 8:37:16 PM org.apache.catalina.realm.LockOutRealm authenticate
WARNING: An attempt was made to authenticate the locked user "tomcat"
Jul 23, 2014 8:37:16 PM org.apache.catalina.realm.LockOutRealm authenticate
WARNING: An attempt was made to authenticate the locked user "system"
Jul 23, 2014 8:37:17 PM org.apache.catalina.realm.LockOutRealm authenticate
WARNING: An attempt was made to authenticate the locked user "tomcat"
Jul 23, 2014 10:40:50 PM org.apache.catalina.core.StandardServer await
INFO: A valid shutdown command was received via the shutdown port. Stopping the Server instance.
Jul 23, 2014 10:40:50 PM org.apache.coyote.AbstractProtocol pause
INFO: Pausing ProtocolHandler ["http-bio-8080"]
Jul 23, 2014 10:40:50 PM org.apache.coyote.AbstractProtocol pause
INFO: Pausing ProtocolHandler ["ajp-bio-8009"]
Jul 23, 2014 10:40:50 PM org.apache.catalina.core.StandardService stopInternal
INFO: Stopping service Catalina
Jul 23, 2014 10:40:50 PM org.apache.catalina.loader.WebappClassLoader checkThreadLocalMapForLeaks
SEVERE: The web application [/solr] created a ThreadLocal with key of type [org.apache.solr.schema.DateField.ThreadLocalDateFormat] (value [org.apache.solr.schema.DateField$ThreadLocalDateFormat@1eb83276]) and a value of type [org.apache.solr.schema.DateField.ISO8601CanonicalDateFormat] (value [org.apache.solr.schema.DateField$ISO8601CanonicalDateFormat@6b2ed43a]) but failed to remove it when the web application was stopped. Threads are going to be renewed over time to try and avoid a probable memory leak.
Jul 23, 2014 10:40:50 PM org.apache.catalina.loader.WebappClassLoader checkThreadLocalMapForLeaks
SEVERE: The web application [/solr] created a ThreadLocal with key of type [org.apache.solr.schema.DateField.ThreadLocalDateFormat] (value [org.apache.solr.schema.DateField$ThreadLocalDateFormat@1eb83276]) and a value of type [org.apache.solr.schema.DateField.ISO8601CanonicalDateFormat] (value [org.apache.solr.schema.DateField$ISO8601CanonicalDateFormat@6b2ed43a]) but failed to remove it when the web application was stopped. Threads are going to be renewed over time to try and avoid a probable memory leak.
Jul 23, 2014 10:40:50 PM org.apache.catalina.loader.WebappClassLoader checkThreadLocalMapForLeaks
SEVERE: The web application [/solr] created a ThreadLocal with key of type [org.apache.solr.schema.DateField.ThreadLocalDateFormat] (value [org.apache.solr.schema.DateField$ThreadLocalDateFormat@1eb83276]) and a value of type [org.apache.solr.schema.DateField.ISO8601CanonicalDateFormat] (value [org.apache.solr.schema.DateField$ISO8601CanonicalDateFormat@6b2ed43a]) but failed to remove it when the web application was stopped. Threads are going to be renewed over time to try and avoid a probable memory leak.
Jul 23, 2014 10:40:50 PM org.apache.coyote.AbstractProtocol stop
INFO: Stopping ProtocolHandler ["http-bio-8080"]
Jul 23, 2014 10:40:50 PM org.apache.coyote.AbstractProtocol stop
INFO: Stopping ProtocolHandler ["ajp-bio-8009"]
Jul 23, 2014 10:40:50 PM org.apache.coyote.AbstractProtocol destroy
INFO: Destroying ProtocolHandler ["http-bio-8080"]
Jul 23, 2014 10:40:50 PM org.apache.coyote.AbstractProtocol destroy
INFO: Destroying ProtocolHandler ["ajp-bio-8009"]
Jul 23, 2014 10:40:54 PM org.apache.catalina.core.AprLifecycleListener init
INFO: The APR based Apache Tomcat Native library which allows optimal performance in production environments was not found on the java.library.path: /usr/java/packages/lib/amd64:/usr/lib64:/lib64:/lib:/usr/lib
Jul 23, 2014 10:40:55 PM org.apache.coyote.AbstractProtocol init
INFO: Initializing ProtocolHandler ["http-bio-8080"]
Jul 23, 2014 10:40:55 PM org.apache.coyote.AbstractProtocol init
INFO: Initializing ProtocolHandler ["ajp-bio-8009"]
Jul 23, 2014 10:40:55 PM org.apache.catalina.startup.Catalina load
INFO: Initialization processed in 1231 ms
Jul 23, 2014 10:40:55 PM org.apache.catalina.core.StandardService startInternal
INFO: Starting service Catalina
Jul 23, 2014 10:40:55 PM org.apache.catalina.core.StandardEngine startInternal
INFO: Starting Servlet Engine: Apache Tomcat/7.0.54
Jul 23, 2014 10:40:55 PM org.apache.catalina.startup.HostConfig deployDescriptor
INFO: Deploying configuration descriptor /usr/local/fibro/apache-tomcat-7.0.54/conf/Catalina/localhost/solr.xml
Jul 23, 2014 10:40:55 PM org.apache.catalina.startup.HostConfig deployDescriptor
WARNING: A docBase /usr/local/fibro/apache-tomcat-7.0.54/webapps/solr.war inside the host appBase has been specified, and will be ignored
Jul 23, 2014 10:40:55 PM org.apache.catalina.startup.SetContextPropertiesRule begin
WARNING: [SetContextPropertiesRule]{Context} Setting property 'debug' to '0' did not find a matching property.
Jul 23, 2014 10:41:15 PM org.apache.catalina.util.SessionIdGenerator createSecureRandom
INFO: Creation of SecureRandom instance for session ID generation using [SHA1PRNG] took [11,948] milliseconds.
Jul 23, 2014 10:41:18 PM org.apache.catalina.startup.HostConfig deployDescriptor
INFO: Deployment of configuration descriptor /usr/local/fibro/apache-tomcat-7.0.54/conf/Catalina/localhost/solr.xml has finished in 23,563 ms
Jul 23, 2014 10:41:18 PM org.apache.catalina.startup.HostConfig deployWAR
INFO: Deploying web application archive /usr/local/fibro/apache-tomcat-7.0.54/webapps/ajax.war
Jul 23, 2014 10:41:18 PM org.apache.catalina.startup.HostConfig deployWAR
INFO: Deployment of web application archive /usr/local/fibro/apache-tomcat-7.0.54/webapps/ajax.war has finished in 133 ms
Jul 23, 2014 10:41:18 PM org.apache.catalina.startup.HostConfig deployDirectory
INFO: Deploying web application directory /usr/local/fibro/apache-tomcat-7.0.54/webapps/ROOT
Jul 23, 2014 10:41:18 PM org.apache.catalina.startup.HostConfig deployDirectory
INFO: Deployment of web application directory /usr/local/fibro/apache-tomcat-7.0.54/webapps/ROOT has finished in 67 ms
Jul 23, 2014 10:41:18 PM org.apache.catalina.startup.HostConfig deployDirectory
INFO: Deploying web application directory /usr/local/fibro/apache-tomcat-7.0.54/webapps/docs
Jul 23, 2014 10:41:18 PM org.apache.catalina.startup.HostConfig deployDirectory
INFO: Deployment of web application directory /usr/local/fibro/apache-tomcat-7.0.54/webapps/docs has finished in 71 ms
Jul 23, 2014 10:41:18 PM org.apache.catalina.startup.HostConfig deployDirectory
INFO: Deploying web application directory /usr/local/fibro/apache-tomcat-7.0.54/webapps/host-manager
Jul 23, 2014 10:41:19 PM org.apache.catalina.startup.HostConfig deployDirectory
INFO: Deployment of web application directory /usr/local/fibro/apache-tomcat-7.0.54/webapps/host-manager has finished in 84 ms
Jul 23, 2014 10:41:19 PM org.apache.catalina.startup.HostConfig deployDirectory
INFO: Deploying web application directory /usr/local/fibro/apache-tomcat-7.0.54/webapps/ajax-solr
Jul 23, 2014 10:41:19 PM org.apache.catalina.startup.HostConfig deployDirectory
INFO: Deployment of web application directory /usr/local/fibro/apache-tomcat-7.0.54/webapps/ajax-solr has finished in 64 ms
Jul 23, 2014 10:41:19 PM org.apache.catalina.startup.HostConfig deployDirectory
INFO: Deploying web application directory /usr/local/fibro/apache-tomcat-7.0.54/webapps/manager
Jul 23, 2014 10:41:19 PM org.apache.catalina.startup.HostConfig deployDirectory
INFO: Deployment of web application directory /usr/local/fibro/apache-tomcat-7.0.54/webapps/manager has finished in 203 ms
Jul 23, 2014 10:41:19 PM org.apache.catalina.startup.HostConfig deployDirectory
INFO: Deploying web application directory /usr/local/fibro/apache-tomcat-7.0.54/webapps/examples
Jul 23, 2014 10:41:19 PM org.apache.catalina.startup.HostConfig deployDirectory
INFO: Deployment of web application directory /usr/local/fibro/apache-tomcat-7.0.54/webapps/examples has finished in 499 ms
Jul 23, 2014 10:41:19 PM org.apache.coyote.AbstractProtocol start
INFO: Starting ProtocolHandler ["http-bio-8080"]
Jul 23, 2014 10:41:19 PM org.apache.coyote.AbstractProtocol start
INFO: Starting ProtocolHandler ["ajp-bio-8009"]
Jul 23, 2014 10:41:19 PM org.apache.catalina.startup.Catalina start
INFO: Server startup in 24886 ms
Jul 23, 2014 10:51:10 PM org.apache.catalina.core.StandardServer await
INFO: A valid shutdown command was received via the shutdown port. Stopping the Server instance.
Jul 23, 2014 10:51:10 PM org.apache.coyote.AbstractProtocol pause
INFO: Pausing ProtocolHandler ["http-bio-8080"]
Jul 23, 2014 10:51:10 PM org.apache.coyote.AbstractProtocol pause
INFO: Pausing ProtocolHandler ["ajp-bio-8009"]
Jul 23, 2014 10:51:10 PM org.apache.catalina.core.StandardService stopInternal
INFO: Stopping service Catalina
Jul 23, 2014 10:51:10 PM org.apache.coyote.AbstractProtocol stop
INFO: Stopping ProtocolHandler ["http-bio-8080"]
Jul 23, 2014 10:51:10 PM org.apache.coyote.AbstractProtocol stop
INFO: Stopping ProtocolHandler ["ajp-bio-8009"]
Jul 23, 2014 10:51:10 PM org.apache.coyote.AbstractProtocol destroy
INFO: Destroying ProtocolHandler ["http-bio-8080"]
Jul 23, 2014 10:51:10 PM org.apache.coyote.AbstractProtocol destroy
INFO: Destroying ProtocolHandler ["ajp-bio-8009"]
Jul 23, 2014 10:54:59 PM org.apache.catalina.core.AprLifecycleListener init
INFO: The APR based Apache Tomcat Native library which allows optimal performance in production environments was not found on the java.library.path: /usr/java/packages/lib/amd64:/usr/lib64:/lib64:/lib:/usr/lib
Jul 23, 2014 10:54:59 PM org.apache.coyote.AbstractProtocol init
INFO: Initializing ProtocolHandler ["http-bio-8080"]
Jul 23, 2014 10:54:59 PM org.apache.coyote.AbstractProtocol init
INFO: Initializing ProtocolHandler ["ajp-bio-8009"]
Jul 23, 2014 10:54:59 PM org.apache.catalina.startup.Catalina load
INFO: Initialization processed in 1160 ms
Jul 23, 2014 10:54:59 PM org.apache.catalina.core.StandardService startInternal
INFO: Starting service Catalina
Jul 23, 2014 10:54:59 PM org.apache.catalina.core.StandardEngine startInternal
INFO: Starting Servlet Engine: Apache Tomcat/7.0.54
Jul 23, 2014 10:54:59 PM org.apache.catalina.startup.HostConfig deployDescriptor
INFO: Deploying configuration descriptor /usr/local/fibro/apache-tomcat-7.0.54/conf/Catalina/localhost/solr.xml
Jul 23, 2014 10:54:59 PM org.apache.catalina.startup.HostConfig deployDescriptor
WARNING: A docBase /usr/local/fibro/apache-tomcat-7.0.54/webapps/solr.war inside the host appBase has been specified, and will be ignored
Jul 23, 2014 10:54:59 PM org.apache.catalina.startup.SetContextPropertiesRule begin
WARNING: [SetContextPropertiesRule]{Context} Setting property 'debug' to '0' did not find a matching property.
Jul 23, 2014 10:55:09 PM org.apache.catalina.startup.HostConfig deployDescriptor
INFO: Deployment of configuration descriptor /usr/local/fibro/apache-tomcat-7.0.54/conf/Catalina/localhost/solr.xml has finished in 9,687 ms
Jul 23, 2014 10:55:09 PM org.apache.catalina.startup.HostConfig deployWAR
INFO: Deploying web application archive /usr/local/fibro/apache-tomcat-7.0.54/webapps/ajax.war
Jul 23, 2014 10:55:09 PM org.apache.catalina.startup.HostConfig deployWAR
INFO: Deployment of web application archive /usr/local/fibro/apache-tomcat-7.0.54/webapps/ajax.war has finished in 110 ms
Jul 23, 2014 10:55:09 PM org.apache.catalina.startup.HostConfig deployWAR
INFO: Deploying web application archive /usr/local/fibro/apache-tomcat-7.0.54/webapps/ajax-solr.war
Jul 23, 2014 10:55:09 PM org.apache.catalina.startup.HostConfig deployWAR
INFO: Deployment of web application archive /usr/local/fibro/apache-tomcat-7.0.54/webapps/ajax-solr.war has finished in 99 ms
Jul 23, 2014 10:55:09 PM org.apache.catalina.startup.HostConfig deployDirectory
INFO: Deploying web application directory /usr/local/fibro/apache-tomcat-7.0.54/webapps/ROOT
Jul 23, 2014 10:55:09 PM org.apache.catalina.startup.HostConfig deployDirectory
INFO: Deployment of web application directory /usr/local/fibro/apache-tomcat-7.0.54/webapps/ROOT has finished in 85 ms
Jul 23, 2014 10:55:09 PM org.apache.catalina.startup.HostConfig deployDirectory
INFO: Deploying web application directory /usr/local/fibro/apache-tomcat-7.0.54/webapps/docs
Jul 23, 2014 10:55:09 PM org.apache.catalina.startup.HostConfig deployDirectory
INFO: Deployment of web application directory /usr/local/fibro/apache-tomcat-7.0.54/webapps/docs has finished in 64 ms
Jul 23, 2014 10:55:09 PM org.apache.catalina.startup.HostConfig deployDirectory
INFO: Deploying web application directory /usr/local/fibro/apache-tomcat-7.0.54/webapps/host-manager
Jul 23, 2014 10:55:09 PM org.apache.catalina.startup.HostConfig deployDirectory
INFO: Deployment of web application directory /usr/local/fibro/apache-tomcat-7.0.54/webapps/host-manager has finished in 79 ms
Jul 23, 2014 10:55:09 PM org.apache.catalina.startup.HostConfig deployDirectory
INFO: Deploying web application directory /usr/local/fibro/apache-tomcat-7.0.54/webapps/manager
Jul 23, 2014 10:55:09 PM org.apache.catalina.startup.HostConfig deployDirectory
INFO: Deployment of web application directory /usr/local/fibro/apache-tomcat-7.0.54/webapps/manager has finished in 96 ms
Jul 23, 2014 10:55:09 PM org.apache.catalina.startup.HostConfig deployDirectory
INFO: Deploying web application directory /usr/local/fibro/apache-tomcat-7.0.54/webapps/examples
Jul 23, 2014 10:55:10 PM org.apache.catalina.startup.HostConfig deployDirectory
INFO: Deployment of web application directory /usr/local/fibro/apache-tomcat-7.0.54/webapps/examples has finished in 554 ms
Jul 23, 2014 10:55:10 PM org.apache.coyote.AbstractProtocol start
INFO: Starting ProtocolHandler ["http-bio-8080"]
Jul 23, 2014 10:55:10 PM org.apache.coyote.AbstractProtocol start
INFO: Starting ProtocolHandler ["ajp-bio-8009"]
Jul 23, 2014 10:55:10 PM org.apache.catalina.startup.Catalina start
INFO: Server startup in 10892 ms
Jul 23, 2014 11:19:11 PM org.apache.catalina.core.StandardServer await
INFO: A valid shutdown command was received via the shutdown port. Stopping the Server instance.
Jul 23, 2014 11:19:11 PM org.apache.coyote.AbstractProtocol pause
INFO: Pausing ProtocolHandler ["http-bio-8080"]
Jul 23, 2014 11:19:12 PM org.apache.coyote.AbstractProtocol pause
INFO: Pausing ProtocolHandler ["ajp-bio-8009"]
Jul 23, 2014 11:19:12 PM org.apache.catalina.core.StandardService stopInternal
INFO: Stopping service Catalina
Jul 23, 2014 11:19:12 PM org.apache.coyote.AbstractProtocol stop
INFO: Stopping ProtocolHandler ["http-bio-8080"]
Jul 23, 2014 11:19:12 PM org.apache.coyote.AbstractProtocol stop
INFO: Stopping ProtocolHandler ["ajp-bio-8009"]
Jul 23, 2014 11:19:12 PM org.apache.coyote.AbstractProtocol destroy
INFO: Destroying ProtocolHandler ["http-bio-8080"]
Jul 23, 2014 11:19:12 PM org.apache.coyote.AbstractProtocol destroy
INFO: Destroying ProtocolHandler ["ajp-bio-8009"]
Jul 23, 2014 11:19:15 PM org.apache.catalina.core.AprLifecycleListener init
INFO: The APR based Apache Tomcat Native library which allows optimal performance in production environments was not found on the java.library.path: /usr/java/packages/lib/amd64:/usr/lib64:/lib64:/lib:/usr/lib
Jul 23, 2014 11:19:15 PM org.apache.coyote.AbstractProtocol init
INFO: Initializing ProtocolHandler ["http-bio-8080"]
Jul 23, 2014 11:19:15 PM org.apache.coyote.AbstractProtocol init
INFO: Initializing ProtocolHandler ["ajp-bio-8009"]
Jul 23, 2014 11:19:15 PM org.apache.catalina.startup.Catalina load
INFO: Initialization processed in 1248 ms
Jul 23, 2014 11:19:15 PM org.apache.catalina.core.StandardService startInternal
INFO: Starting service Catalina
Jul 23, 2014 11:19:15 PM org.apache.catalina.core.StandardEngine startInternal
INFO: Starting Servlet Engine: Apache Tomcat/7.0.54
Jul 23, 2014 11:19:15 PM org.apache.catalina.startup.HostConfig deployDescriptor
INFO: Deploying configuration descriptor /usr/local/fibro/apache-tomcat-7.0.54/conf/Catalina/localhost/solr.xml
Jul 23, 2014 11:19:15 PM org.apache.catalina.startup.HostConfig deployDescriptor
WARNING: A docBase /usr/local/fibro/apache-tomcat-7.0.54/webapps/solr.war inside the host appBase has been specified, and will be ignored
Jul 23, 2014 11:19:15 PM org.apache.catalina.startup.SetContextPropertiesRule begin
WARNING: [SetContextPropertiesRule]{Context} Setting property 'debug' to '0' did not find a matching property.
Jul 23, 2014 11:19:23 PM org.apache.catalina.util.SessionIdGenerator createSecureRandom
INFO: Creation of SecureRandom instance for session ID generation using [SHA1PRNG] took [165] milliseconds.
Jul 23, 2014 11:19:29 PM org.apache.catalina.startup.HostConfig deployDescriptor
INFO: Deployment of configuration descriptor /usr/local/fibro/apache-tomcat-7.0.54/conf/Catalina/localhost/solr.xml has finished in 14,011 ms
Jul 23, 2014 11:19:29 PM org.apache.catalina.startup.HostConfig deployWAR
INFO: Deploying web application archive /usr/local/fibro/apache-tomcat-7.0.54/webapps/ajax.war
Jul 23, 2014 11:19:29 PM org.apache.catalina.startup.HostConfig deployWAR
INFO: Deployment of web application archive /usr/local/fibro/apache-tomcat-7.0.54/webapps/ajax.war has finished in 185 ms
Jul 23, 2014 11:19:29 PM org.apache.catalina.startup.HostConfig deployWAR
INFO: Deploying web application archive /usr/local/fibro/apache-tomcat-7.0.54/webapps/ajax-solr.war
Jul 23, 2014 11:19:30 PM org.apache.catalina.startup.HostConfig deployWAR
INFO: Deployment of web application archive /usr/local/fibro/apache-tomcat-7.0.54/webapps/ajax-solr.war has finished in 123 ms
Jul 23, 2014 11:19:30 PM org.apache.catalina.startup.HostConfig deployDirectory
INFO: Deploying web application directory /usr/local/fibro/apache-tomcat-7.0.54/webapps/ROOT
Jul 23, 2014 11:19:30 PM org.apache.catalina.startup.HostConfig deployDirectory
INFO: Deployment of web application directory /usr/local/fibro/apache-tomcat-7.0.54/webapps/ROOT has finished in 82 ms
Jul 23, 2014 11:19:30 PM org.apache.catalina.startup.HostConfig deployDirectory
INFO: Deploying web application directory /usr/local/fibro/apache-tomcat-7.0.54/webapps/docs
Jul 23, 2014 11:19:30 PM org.apache.catalina.startup.HostConfig deployDirectory
INFO: Deployment of web application directory /usr/local/fibro/apache-tomcat-7.0.54/webapps/docs has finished in 102 ms
Jul 23, 2014 11:19:30 PM org.apache.catalina.startup.HostConfig deployDirectory
INFO: Deploying web application directory /usr/local/fibro/apache-tomcat-7.0.54/webapps/host-manager
Jul 23, 2014 11:19:30 PM org.apache.catalina.startup.HostConfig deployDirectory
INFO: Deployment of web application directory /usr/local/fibro/apache-tomcat-7.0.54/webapps/host-manager has finished in 82 ms
Jul 23, 2014 11:19:30 PM org.apache.catalina.startup.HostConfig deployDirectory
INFO: Deploying web application directory /usr/local/fibro/apache-tomcat-7.0.54/webapps/manager
Jul 23, 2014 11:19:30 PM org.apache.catalina.startup.HostConfig deployDirectory
INFO: Deployment of web application directory /usr/local/fibro/apache-tomcat-7.0.54/webapps/manager has finished in 129 ms
Jul 23, 2014 11:19:30 PM org.apache.catalina.startup.HostConfig deployDirectory
INFO: Deploying web application directory /usr/local/fibro/apache-tomcat-7.0.54/webapps/examples
Jul 23, 2014 11:19:31 PM org.apache.catalina.startup.HostConfig deployDirectory
INFO: Deployment of web application directory /usr/local/fibro/apache-tomcat-7.0.54/webapps/examples has finished in 773 ms
Jul 23, 2014 11:19:31 PM org.apache.coyote.AbstractProtocol start
INFO: Starting ProtocolHandler ["http-bio-8080"]
Jul 23, 2014 11:19:31 PM org.apache.coyote.AbstractProtocol start
INFO: Starting ProtocolHandler ["ajp-bio-8009"]
Jul 23, 2014 11:19:31 PM org.apache.catalina.startup.Catalina start
INFO: Server startup in 15661 ms
